<?xml version="1.0" encoding="UTF-8"?>
<!-- Generated by org.testng.reporters.JUnitReportReporter -->
<testsuite hostname="POTOMAC-AUTO23L" failures="0" tests="1" name="com.testing.testcases.Login_Test" time="2.690" errors="0" timestamp="2022-09-12T18:14:27 IST" skipped="0">
  <testcase classname="com.testing.testcases.Login_Test" name="loginAsBankManager" time="2.690"/>
  <system-out/>
</testsuite> <!-- com.testing.testcases.Login_Test -->
